{
  "RSpec": {
    "coverage": {
      "/Users/tobydawson/Projects/bookmarks/spec/bookmarks_spec.rb": {
        "lines": [
          1,
          null,
          null,
          1,
          null,
          null,
          1,
          1,
          null,
          1,
          1,
          1,
          null,
          1,
          null,
          1,
          1,
          1,
          null,
          null,
          null
        ]
      },
      "/Users/tobydawson/Projects/bookmarks/spec/creating_bookmarks_spec.rb": {
        "lines": [

        ]
      },
      "/Users/tobydawson/Projects/bookmarks/spec/features/app_spec.rb": {
        "lines": [
          1,
          null,
          1,
          null,
          1,
          1,
          1,
          null,
          null,
          1,
          1,
          1,
          null,
          null,
          null,
          null
        ]
      },
      "/Users/tobydawson/Projects/bookmarks/spec/features/customisation_spec.rb": {
        "lines": [
          1,
          null,
          1,
          1,
          1,
          1,
          1,
          1,
          null,
          null
        ]
      },
      "/Users/tobydawson/Projects/bookmarks/lib/customisation.rb": {
        "lines": [
          1,
          null,
          null
        ]
      },
      "/Users/tobydawson/Projects/bookmarks/spec/viewing_bookmark_spec.rb": {
        "lines": [
          1,
          1,
          1,
          null,
          null,
          1,
          1,
          1,
          null,
          1,
          null,
          1,
          1,
          1,
          null,
          null
        ]
      }
    },
    "timestamp": 1581679651
  }
}
